<?xml version="1.0" encoding="UTF-8"?>
<testng-results ignored="0" total="1" passed="1" failed="0" skipped="0">
  <reporter-output>
  </reporter-output>
  <suite started-at="2020-12-24T19:08:27 IST" name="Default suite" finished-at="2020-12-24T19:08:28 IST" duration-ms="592">
    <groups>
    </groups>
    <test started-at="2020-12-24T19:08:27 IST" name="Default test" finished-at="2020-12-24T19:08:28 IST" duration-ms="592">
      <class name="Employee.Put">
        <test-method signature="shouldReturnStatusAccepted()[pri:0, instance:Employee.Put@609db43b]" started-at="2020-12-24T19:08:27 IST" name="shouldReturnStatusAccepted" finished-at="2020-12-24T19:08:28 IST" duration-ms="549" status="PASS">
          <reporter-output>
          </reporter-output>
        </test-method> <!-- shouldReturnStatusAccepted -->
      </class> <!-- Employee.Put -->
    </test> <!-- Default test -->
  </suite> <!-- Default suite -->
</testng-results>
